c:\users\hatec\documents\bgx-dev\templateaio\templateaio\x64\debug\vc143.pdb
c:\users\hatec\documents\bgx-dev\templateaio\templateaio\x64\debug\vc143.idb
c:\users\hatec\documents\bgx-dev\templateaio\templateaio\x64\debug\permashow.obj
c:\users\hatec\documents\bgx-dev\templateaio\templateaio\x64\debug\others.obj
c:\users\hatec\documents\bgx-dev\templateaio\templateaio\x64\debug\helpers.obj
c:\users\hatec\documents\bgx-dev\templateaio\templateaio\x64\debug\dllmain.obj
c:\users\hatec\documents\bgx-dev\templateaio\templateaio\x64\debug\plugin_sdk.obj
c:\users\hatec\documents\bgx-dev\templateaio\templateaio\x64\debug\clipper.obj
c:\users\hatec\documents\bgx-dev\templateaio\templateaio\x64\debug\amumu.obj
c:\users\hatec\documents\bgx-dev\templateaio\x64\debug\templateaio.lib
c:\users\hatec\documents\bgx-dev\templateaio\x64\debug\templateaio.exp
c:\users\hatec\documents\bgx-dev\templateaio\x64\debug\templateaio.dll
c:\users\hatec\documents\bgx-dev\templateaio\templateaio\x64\debug\templateaio.ilk
c:\users\hatec\documents\bgx-dev\templateaio\x64\debug\templateaio.pdb
c:\users\hatec\documents\bgx-dev\templateaio\templateaio\x64\debug\templateaio.tlog\cl.command.1.tlog
c:\users\hatec\documents\bgx-dev\templateaio\templateaio\x64\debug\templateaio.tlog\cl.items.tlog
c:\users\hatec\documents\bgx-dev\templateaio\templateaio\x64\debug\templateaio.tlog\cl.read.1.tlog
c:\users\hatec\documents\bgx-dev\templateaio\templateaio\x64\debug\templateaio.tlog\cl.write.1.tlog
c:\users\hatec\documents\bgx-dev\templateaio\templateaio\x64\debug\templateaio.tlog\link.command.1.tlog
c:\users\hatec\documents\bgx-dev\templateaio\templateaio\x64\debug\templateaio.tlog\link.read.1.tlog
c:\users\hatec\documents\bgx-dev\templateaio\templateaio\x64\debug\templateaio.tlog\link.write.1.tlog
c:\users\hatec\documents\bgx-dev\templateaio\templateaio\x64\debug\templateaio.tlog\link.write.2u.tlog
